  lb_1.cpp
     Создается библиотека C:\Users\Meadir\Desktop\KoshelDYASUb-24-1-1\x64\Debug\lb_1.lib и объект C:\Users\Meadir\Desktop\KoshelDYASUb-24-1-1\x64\Debug\lb_1.exp
LINK : warning LNK4217: Символ "glewInit", определенный в "glew.obj", импортирован "lb_1.obj" в функции "main".
LINK : warning LNK4217: Символ "__glewBindBuffer", определенный в "glew.obj", импортирован "lb_1.obj" в функции ""private: void __cdecl Mesh::setupMesh(void)" (?setupMesh@Mesh@@AEAAXXZ)".
LINK : warning LNK4217: Символ "__glewBufferData", определенный в "glew.obj", импортирован "lb_1.obj" в функции ""private: void __cdecl Mesh::setupMesh(void)" (?setupMesh@Mesh@@AEAAXXZ)".
LINK : warning LNK4217: Символ "__glewGenBuffers", определенный в "glew.obj", импортирован "lb_1.obj" в функции ""private: void __cdecl Mesh::setupMesh(void)" (?setupMesh@Mesh@@AEAAXXZ)".
LINK : warning LNK4217: Символ "__glewEnableVertexAttribArray", определенный в "glew.obj", импортирован "lb_1.obj" в функции ""private: void __cdecl Mesh::setupMesh(void)" (?setupMesh@Mesh@@AEAAXXZ)".
LINK : warning LNK4217: Символ "__glewVertexAttribPointer", определенный в "glew.obj", импортирован "lb_1.obj" в функции ""private: void __cdecl Mesh::setupMesh(void)" (?setupMesh@Mesh@@AEAAXXZ)".
LINK : warning LNK4217: Символ "__glewBindVertexArray", определенный в "glew.obj", импортирован "lb_1.obj" в функции ""public: void __cdecl Mesh::Draw(void)" (?Draw@Mesh@@QEAAXXZ)".
LINK : warning LNK4217: Символ "__glewGenVertexArrays", определенный в "glew.obj", импортирован "lb_1.obj" в функции ""private: void __cdecl Mesh::setupMesh(void)" (?setupMesh@Mesh@@AEAAXXZ)".
LINK : warning LNK4217: Символ "glewExperimental", определенный в "glew.obj", импортирован "lb_1.obj" в функции "main".
LINK : warning LNK4217: Символ "__glewAttachShader", определенный в "glew.obj", импортирован "Shader.obj" в функции ""public: __cdecl Shader::Shader(class std::basic_string<char,struct std::char_traits<char>,class std::allocator<char> > const &,class std::basic_string<char,struct std::char_traits<char>,class std::allocator<char> > const &)" (??0Shader@@QEAA@AEBV?$basic_string@DU?$char_traits@D@std@@V?$allocator@D@2@@std@@0@Z)".
LINK : warning LNK4217: Символ "__glewCompileShader", определенный в "glew.obj", импортирован "Shader.obj" в функции ""private: unsigned int __cdecl Shader::CompileShader(unsigned int,class std::basic_string<char,struct std::char_traits<char>,class std::allocator<char> > const &)" (?CompileShader@Shader@@AEAAIIAEBV?$basic_string@DU?$char_traits@D@std@@V?$allocator@D@2@@std@@@Z)".
LINK : warning LNK4217: Символ "__glewCreateProgram", определенный в "glew.obj", импортирован "Shader.obj" в функции ""public: __cdecl Shader::Shader(class std::basic_string<char,struct std::char_traits<char>,class std::allocator<char> > const &,class std::basic_string<char,struct std::char_traits<char>,class std::allocator<char> > const &)" (??0Shader@@QEAA@AEBV?$basic_string@DU?$char_traits@D@std@@V?$allocator@D@2@@std@@0@Z)".
LINK : warning LNK4217: Символ "__glewCreateShader", определенный в "glew.obj", импортирован "Shader.obj" в функции ""private: unsigned int __cdecl Shader::CompileShader(unsigned int,class std::basic_string<char,struct std::char_traits<char>,class std::allocator<char> > const &)" (?CompileShader@Shader@@AEAAIIAEBV?$basic_string@DU?$char_traits@D@std@@V?$allocator@D@2@@std@@@Z)".
LINK : warning LNK4217: Символ "__glewDeleteProgram", определенный в "glew.obj", импортирован "Shader.obj" в функции ""public: __cdecl Shader::~Shader(void)" (??1Shader@@QEAA@XZ)".
LINK : warning LNK4217: Символ "__glewDeleteShader", определенный в "glew.obj", импортирован "Shader.obj" в функции ""public: __cdecl Shader::Shader(class std::basic_string<char,struct std::char_traits<char>,class std::allocator<char> > const &,class std::basic_string<char,struct std::char_traits<char>,class std::allocator<char> > const &)" (??0Shader@@QEAA@AEBV?$basic_string@DU?$char_traits@D@std@@V?$allocator@D@2@@std@@0@Z)".
LINK : warning LNK4217: Символ "__glewGetProgramInfoLog", определенный в "glew.obj", импортирован "Shader.obj" в функции ""private: void __cdecl Shader::CheckLinkErrors(unsigned int)" (?CheckLinkErrors@Shader@@AEAAXI@Z)".
LINK : warning LNK4217: Символ "__glewGetProgramiv", определенный в "glew.obj", импортирован "Shader.obj" в функции ""private: void __cdecl Shader::CheckLinkErrors(unsigned int)" (?CheckLinkErrors@Shader@@AEAAXI@Z)".
LINK : warning LNK4217: Символ "__glewGetShaderInfoLog", определенный в "glew.obj", импортирован "Shader.obj" в функции ""private: void __cdecl Shader::CheckCompileErrors(unsigned int,class std::basic_string<char,struct std::char_traits<char>,class std::allocator<char> > const &)" (?CheckCompileErrors@Shader@@AEAAXIAEBV?$basic_string@DU?$char_traits@D@std@@V?$allocator@D@2@@std@@@Z)".
LINK : warning LNK4217: Символ "__glewGetShaderiv", определенный в "glew.obj", импортирован "Shader.obj" в функции ""private: void __cdecl Shader::CheckCompileErrors(unsigned int,class std::basic_string<char,struct std::char_traits<char>,class std::allocator<char> > const &)" (?CheckCompileErrors@Shader@@AEAAXIAEBV?$basic_string@DU?$char_traits@D@std@@V?$allocator@D@2@@std@@@Z)".
LINK : warning LNK4217: Символ "__glewGetUniformLocation", определенный в "glew.obj", импортирован "Shader.obj" в функции ""private: int __cdecl Shader::GetUniformLocation(class std::basic_string<char,struct std::char_traits<char>,class std::allocator<char> > const &)const " (?GetUniformLocation@Shader@@AEBAHAEBV?$basic_string@DU?$char_traits@D@std@@V?$allocator@D@2@@std@@@Z)".
LINK : warning LNK4217: Символ "__glewLinkProgram", определенный в "glew.obj", импортирован "Shader.obj" в функции ""public: __cdecl Shader::Shader(class std::basic_string<char,struct std::char_traits<char>,class std::allocator<char> > const &,class std::basic_string<char,struct std::char_traits<char>,class std::allocator<char> > const &)" (??0Shader@@QEAA@AEBV?$basic_string@DU?$char_traits@D@std@@V?$allocator@D@2@@std@@0@Z)".
LINK : warning LNK4217: Символ "__glewShaderSource", определенный в "glew.obj", импортирован "Shader.obj" в функции ""private: unsigned int __cdecl Shader::CompileShader(unsigned int,class std::basic_string<char,struct std::char_traits<char>,class std::allocator<char> > const &)" (?CompileShader@Shader@@AEAAIIAEBV?$basic_string@DU?$char_traits@D@std@@V?$allocator@D@2@@std@@@Z)".
LINK : warning LNK4217: Символ "__glewUniform1f", определенный в "glew.obj", импортирован "Shader.obj" в функции ""public: void __cdecl Shader::SetUniform(class std::basic_string<char,struct std::char_traits<char>,class std::allocator<char> > const &,float)const " (?SetUniform@Shader@@QEBAXAEBV?$basic_string@DU?$char_traits@D@std@@V?$allocator@D@2@@std@@M@Z)".
LINK : warning LNK4217: Символ "__glewUniform1i", определенный в "glew.obj", импортирован "Shader.obj" в функции ""public: void __cdecl Shader::SetUniform(class std::basic_string<char,struct std::char_traits<char>,class std::allocator<char> > const &,int)const " (?SetUniform@Shader@@QEBAXAEBV?$basic_string@DU?$char_traits@D@std@@V?$allocator@D@2@@std@@H@Z)".
LINK : warning LNK4217: Символ "__glewUniform2f", определенный в "glew.obj", импортирован "Shader.obj" в функции ""public: void __cdecl Shader::SetUniform(class std::basic_string<char,struct std::char_traits<char>,class std::allocator<char> > const &,float,float)const " (?SetUniform@Shader@@QEBAXAEBV?$basic_string@DU?$char_traits@D@std@@V?$allocator@D@2@@std@@MM@Z)".
LINK : warning LNK4217: Символ "__glewUniform3f", определенный в "glew.obj", импортирован "Shader.obj" в функции ""public: void __cdecl Shader::SetUniform(class std::basic_string<char,struct std::char_traits<char>,class std::allocator<char> > const &,float,float,float)const " (?SetUniform@Shader@@QEBAXAEBV?$basic_string@DU?$char_traits@D@std@@V?$allocator@D@2@@std@@MMM@Z)".
LINK : warning LNK4217: Символ "__glewUniform4f", определенный в "glew.obj", импортирован "Shader.obj" в функции ""public: void __cdecl Shader::SetUniform(class std::basic_string<char,struct std::char_traits<char>,class std::allocator<char> > const &,float,float,float,float)const " (?SetUniform@Shader@@QEBAXAEBV?$basic_string@DU?$char_traits@D@std@@V?$allocator@D@2@@std@@MMMM@Z)".
LINK : warning LNK4217: Символ "__glewUniformMatrix4fv", определенный в "glew.obj", импортирован "Shader.obj" в функции ""public: void __cdecl Shader::SetUniform(class std::basic_string<char,struct std::char_traits<char>,class std::allocator<char> > const &,float const *,bool)const " (?SetUniform@Shader@@QEBAXAEBV?$basic_string@DU?$char_traits@D@std@@V?$allocator@D@2@@std@@PEBM_N@Z)".
LINK : warning LNK4217: Символ "__glewUseProgram", определенный в "glew.obj", импортирован "Shader.obj" в функции ""public: void __cdecl Shader::Use(void)const " (?Use@Shader@@QEBAXXZ)".
  lb_1.vcxproj -> C:\Users\Meadir\Desktop\KoshelDYASUb-24-1-1\x64\Debug\lb_1.exe
